
     Program pw2qmcpack v.6.4.1 starts on 24Nov2021 at 11:43:10 

     This program is part of the open-source Quantum ESPRESSO suite
     for quantum simulation of materials; please cite
         "P. Giannozzi et al., J. Phys.:Condens. Matter 21 395502 (2009);
         "P. Giannozzi et al., J. Phys.:Condens. Matter 29 465901 (2017);
          URL http://www.quantum-espresso.org", 
     in publications or presentations arising from this work. More details at
     http://www.quantum-espresso.org/quote

     Parallel version (MPI & OpenMP), running on      36 processor cores
     Number of MPI processes:                36
     Threads/MPI process:                     1

     MPI processes distributed on     1 nodes
     R & G space division:  proc/nbgrp/npool/nimage =      36

     Reading data from directory:
     pwscf_output/pwscf.save/

     IMPORTANT: XC functional enforced from input :
     Exchange-correlation      = PZ ( 1  1  0  0 0 0)
     Any further DFT definition will be discarded
     Please, verify this is what you really want

 
     Parallelization info
     --------------------
     sticks:   dense  smooth     PW     G-vecs:    dense   smooth      PW
     Min        1125    1125    289               160176   160176   20844
     Max        1126    1126    290               160182   160182   20847
     Sum       40533   40533  10413              5766487  5766487  750431
 
     Generating pointlists ...
     new r_m :   0.0847 (alat units)  1.5585 (a.u.) for type    1
     new r_m :   0.0847 (alat units)  1.5585 (a.u.) for type    2
     new r_m :   0.1028 (alat units)  1.8914 (a.u.) for type    3
     new r_m :   0.0847 (alat units)  1.5585 (a.u.) for type    4
     new r_m :   0.0847 (alat units)  1.5585 (a.u.) for type    5
esh5 create pwscf_output/pwscf.pwscf.h5
 
     compute_qmcp :    418.99s CPU    802.23s WALL (       1 calls)

     Called by read_file_lite:

     Called by compute_qmcpack:
     big_loop     :    417.83s CPU    783.99s WALL (       1 calls)
     write_h5     :      0.02s CPU      7.30s WALL (       1 calls)
     glue_h5      :      0.00s CPU      0.00s WALL (       1 calls)
 
     pw2qmcpack   :   8m 3.57s CPU  34m21.15s WALL

 
   This run was terminated on:  12:17:31  24Nov2021            

=------------------------------------------------------------------------------=
   JOB DONE.
=------------------------------------------------------------------------------=
