
Lmod is automatically replacing "gcc/9.3.0" with "intel/19.0.3".


Due to MODULEPATH changes, the following have been reloaded:
  1) openmpi/4.0.4


Currently Loaded Modules:
  1) hsi/5.0.2.p5   4) openmpi/4.0.4   7) netlib-lapack/3.9.1
  2) DefApps        5) hdf5/1.10.7     8) python/3.7-anaconda3
  3) intel/19.0.3   6) fftw/3.3.8

 

slurmstepd: error: *** STEP 179894.0 ON andes392 CANCELLED AT 2022-02-02T17:12:08 DUE TO TIME LIMIT ***
srun: Job step aborted: Waiting up to 32 seconds for job step to finish.
slurmstepd: error: *** JOB 179894 ON andes392 CANCELLED AT 2022-02-02T17:12:08 DUE TO TIME LIMIT ***
forrtl: error (78): process killed (SIGTERM)
Image              PC                Routine            Line        Source             
pw.x               00000000010474E4  for__signal_handl     Unknown  Unknown
libpthread-2.28.s  00007FF286FFFB20  Unknown               Unknown  Unknown
libuct_ib.so.0.0.  00007FF27F5D32D8  Unknown               Unknown  Unknown
libucp.so.0.0.0    00007FF282BA51DA  ucp_worker_progre     Unknown  Unknown
libopen-pal.so.40  00007FF282EBCFDC  opal_common_ucx_m     Unknown  Unknown
libmpi.so.40.20.4  00007FF28740C64E  mca_pml_ucx_del_p     Unknown  Unknown
libmpi.so.40.20.4  00007FF287292CDF  ompi_mpi_finalize     Unknown  Unknown
libmpi_mpifh.so.4  00007FF2877AEC0A  pmpi_finalize__       Unknown  Unknown
pw.x               00000000009629DB  Unknown               Unknown  Unknown
pw.x               00000000005CE657  Unknown               Unknown  Unknown
pw.x               0000000000412636  Unknown               Unknown  Unknown
pw.x               0000000000412462  Unknown               Unknown  Unknown
libc-2.28.so       00007FF286C4B493  __libc_start_main     Unknown  Unknown
pw.x               000000000041236E  Unknown               Unknown  Unknown
forrtl: error (78): process killed (SIGTERM)
Image              PC                Routine            Line        Source             
pw.x               00000000010474E4  for__signal_handl     Unknown  Unknown
libpthread-2.28.s  00007FA7BD65CB20  Unknown               Unknown  Unknown
libucp.so.0.0.0    00007FA7B9202180  ucp_worker_progre     Unknown  Unknown
libopen-pal.so.40  00007FA7B9519FDC  opal_common_ucx_m     Unknown  Unknown
libmpi.so.40.20.4  00007FA7BDA6964E  mca_pml_ucx_del_p     Unknown  Unknown
libmpi.so.40.20.4  00007FA7BD8EFCDF  ompi_mpi_finalize     Unknown  Unknown
libmpi_mpifh.so.4  00007FA7BDE0BC0A  pmpi_finalize__       Unknown  Unknown
pw.x               00000000009629DB  Unknown               Unknown  Unknown
pw.x               00000000005CE657  Unknown               Unknown  Unknown
pw.x               0000000000412636  Unknown               Unknown  Unknown
pw.x               0000000000412462  Unknown               Unknown  Unknown
libc-2.28.so       00007FA7BD2A8493  __libc_start_main     Unknown  Unknown
pw.x               000000000041236E  Unknown               Unknown  Unknown
forrtl: error (78): process killed (SIGTERM)
Image              PC                Routine            Line        Source             
pw.x               00000000010474E4  for__signal_handl     Unknown  Unknown
libpthread-2.28.s  00007F311DB23B20  Unknown               Unknown  Unknown
libuct_ib.so.0.0.  00007F31160F72D8  Unknown               Unknown  Unknown
libucp.so.0.0.0    00007F31196C91DA  ucp_worker_progre     Unknown  Unknown
libopen-pal.so.40  00007F31199E0FDC  opal_common_ucx_m     Unknown  Unknown
libmpi.so.40.20.4  00007F311DF3064E  mca_pml_ucx_del_p     Unknown  Unknown
libmpi.so.40.20.4  00007F311DDB6CDF  ompi_mpi_finalize     Unknown  Unknown
libmpi_mpifh.so.4  00007F311E2D2C0A  pmpi_finalize__       Unknown  Unknown
pw.x               00000000009629DB  Unknown               Unknown  Unknown
pw.x               00000000005CE657  Unknown               Unknown  Unknown
pw.x               0000000000412636  Unknown               Unknown  Unknown
pw.x               0000000000412462  Unknown               Unknown  Unknown
libc-2.28.so       00007F311D76F493  __libc_start_main     Unknown  Unknown
pw.x               000000000041236E  Unknown               Unknown  Unknown
forrtl: error (78): process killed (SIGTERM)
Image              PC                Routine            Line        Source             
pw.x               00000000010474E4  for__signal_handl     Unknown  Unknown
libpthread-2.28.s  00007F42D5B82B20  Unknown               Unknown  Unknown
libuct_ib.so.0.0.  00007F42CE15642C  Unknown               Unknown  Unknown
libucp.so.0.0.0    00007F42D17281DA  ucp_worker_progre     Unknown  Unknown
libopen-pal.so.40  00007F42D1A3FFDC  opal_common_ucx_m     Unknown  Unknown
libmpi.so.40.20.4  00007F42D5F8F64E  mca_pml_ucx_del_p     Unknown  Unknown
libmpi.so.40.20.4  00007F42D5E15CDF  ompi_mpi_finalize     Unknown  Unknown
libmpi_mpifh.so.4  00007F42D6331C0A  pmpi_finalize__       Unknown  Unknown
pw.x               00000000009629DB  Unknown               Unknown  Unknown
pw.x               00000000005CE657  Unknown               Unknown  Unknown
pw.x               0000000000412636  Unknown               Unknown  Unknown
pw.x               0000000000412462  Unknown               Unknown  Unknown
libc-2.28.so       00007F42D57CE493  __libc_start_main     Unknown  Unknown
pw.x               000000000041236E  Unknown               Unknown  Unknown
forrtl: error (78): process killed (SIGTERM)
Image              PC                Routine            Line        Source             
pw.x               00000000010474E4  for__signal_handl     Unknown  Unknown
libpthread-2.28.s  00007F6E95D0CB20  Unknown               Unknown  Unknown
libuct_ib.so.0.0.  00007F6E8E2E014E  Unknown               Unknown  Unknown
libucp.so.0.0.0    00007F6E918B21DA  ucp_worker_progre     Unknown  Unknown
libopen-pal.so.40  00007F6E91BC9FDC  opal_common_ucx_m     Unknown  Unknown
libmpi.so.40.20.4  00007F6E9611964E  mca_pml_ucx_del_p     Unknown  Unknown
libmpi.so.40.20.4  00007F6E95F9FCDF  ompi_mpi_finalize     Unknown  Unknown
libmpi_mpifh.so.4  00007F6E964BBC0A  pmpi_finalize__       Unknown  Unknown
pw.x               00000000009629DB  Unknown               Unknown  Unknown
pw.x               00000000005CE657  Unknown               Unknown  Unknown
pw.x               0000000000412636  Unknown               Unknown  Unknown
pw.x               0000000000412462  Unknown               Unknown  Unknown
libc-2.28.so       00007F6E95958493  __libc_start_main     Unknown  Unknown
pw.x               000000000041236E  Unknown               Unknown  Unknown
forrtl: error (78): process killed (SIGTERM)
Image              PC                Routine            Line        Source             
pw.x               00000000010474E4  for__signal_handl     Unknown  Unknown
libpthread-2.28.s  00007F00FB83FB20  Unknown               Unknown  Unknown
libuct_ib.so.0.0.  00007F00EFDCE170  Unknown               Unknown  Unknown
libucp.so.0.0.0    00007F00F73E51DA  ucp_worker_progre     Unknown  Unknown
libopen-pal.so.40  00007F00F76FCFDC  opal_common_ucx_m     Unknown  Unknown
libmpi.so.40.20.4  00007F00FBC4C64E  mca_pml_ucx_del_p     Unknown  Unknown
libmpi.so.40.20.4  00007F00FBAD2CDF  ompi_mpi_finalize     Unknown  Unknown
libmpi_mpifh.so.4  00007F00FBFEEC0A  pmpi_finalize__       Unknown  Unknown
pw.x               00000000009629DB  Unknown               Unknown  Unknown
pw.x               00000000005CE657  Unknown               Unknown  Unknown
pw.x               0000000000412636  Unknown               Unknown  Unknown
pw.x               0000000000412462  Unknown               Unknown  Unknown
libc-2.28.so       00007F00FB48B493  __libc_start_main     Unknown  Unknown
pw.x               000000000041236E  Unknown               Unknown  Unknown
forrtl: error (78): process killed (SIGTERM)
Image              PC                Routine            Line        Source             
pw.x               00000000010474E4  for__signal_handl     Unknown  Unknown
libpthread-2.28.s  00007FFB39EAEB20  Unknown               Unknown  Unknown
libuct_ib.so.0.0.  00007FFB32482148  Unknown               Unknown  Unknown
libucp.so.0.0.0    00007FFB35A541DA  ucp_worker_progre     Unknown  Unknown
libopen-pal.so.40  00007FFB35D6BFDC  opal_common_ucx_m     Unknown  Unknown
libmpi.so.40.20.4  00007FFB3A2BB64E  mca_pml_ucx_del_p     Unknown  Unknown
libmpi.so.40.20.4  00007FFB3A141CDF  ompi_mpi_finalize     Unknown  Unknown
libmpi_mpifh.so.4  00007FFB3A65DC0A  pmpi_finalize__       Unknown  Unknown
pw.x               00000000009629DB  Unknown               Unknown  Unknown
pw.x               00000000005CE657  Unknown               Unknown  Unknown
pw.x               0000000000412636  Unknown               Unknown  Unknown
pw.x               0000000000412462  Unknown               Unknown  Unknown
libc-2.28.so       00007FFB39AFA493  __libc_start_main     Unknown  Unknown
pw.x               000000000041236E  Unknown               Unknown  Unknown
forrtl: error (78): process killed (SIGTERM)
Image              PC                Routine            Line        Source             
pw.x               00000000010474E4  for__signal_handl     Unknown  Unknown
libpthread-2.28.s  00007FBA8639BB20  Unknown               Unknown  Unknown
libucp.so.0.0.0    00007FBA81F411D8  ucp_worker_progre     Unknown  Unknown
libopen-pal.so.40  00007FBA82258FDC  opal_common_ucx_m     Unknown  Unknown
libmpi.so.40.20.4  00007FBA867A864E  mca_pml_ucx_del_p     Unknown  Unknown
libmpi.so.40.20.4  00007FBA8662ECDF  ompi_mpi_finalize     Unknown  Unknown
libmpi_mpifh.so.4  00007FBA86B4AC0A  pmpi_finalize__       Unknown  Unknown
pw.x               00000000009629DB  Unknown               Unknown  Unknown
pw.x               00000000005CE657  Unknown               Unknown  Unknown
pw.x               0000000000412636  Unknown               Unknown  Unknown
pw.x               0000000000412462  Unknown               Unknown  Unknown
libc-2.28.so       00007FBA85FE7493  __libc_start_main     Unknown  Unknown
pw.x               000000000041236E  Unknown               Unknown  Unknown
forrtl: error (78): process killed (SIGTERM)
Image              PC                Routine            Line        Source             
pw.x               00000000010474E4  for__signal_handl     Unknown  Unknown
libpthread-2.28.s  00007F4C8EEF9B20  Unknown               Unknown  Unknown
libuct_ib.so.0.0.  00007F4C874CD14E  Unknown               Unknown  Unknown
libucp.so.0.0.0    00007F4C8AA9F1DA  ucp_worker_progre     Unknown  Unknown
libopen-pal.so.40  00007F4C8ADB6FDC  opal_common_ucx_m     Unknown  Unknown
libmpi.so.40.20.4  00007F4C8F30664E  mca_pml_ucx_del_p     Unknown  Unknown
libmpi.so.40.20.4  00007F4C8F18CCDF  ompi_mpi_finalize     Unknown  Unknown
libmpi_mpifh.so.4  00007F4C8F6A8C0A  pmpi_finalize__       Unknown  Unknown
pw.x               00000000009629DB  Unknown               Unknown  Unknown
pw.x               00000000005CE657  Unknown               Unknown  Unknown
pw.x               0000000000412636  Unknown               Unknown  Unknown
pw.x               0000000000412462  Unknown               Unknown  Unknown
libc-2.28.so       00007F4C8EB45493  __libc_start_main     Unknown  Unknown
pw.x               000000000041236E  Unknown               Unknown  Unknown
forrtl: error (78): process killed (SIGTERM)
Image              PC                Routine            Line        Source             
pw.x               00000000010474E4  for__signal_handl     Unknown  Unknown
libpthread-2.28.s  00007F4918722B20  Unknown               Unknown  Unknown
libucp.so.0.0.0    00007F49142C8192  ucp_worker_progre     Unknown  Unknown
libopen-pal.so.40  00007F49145DFFDC  opal_common_ucx_m     Unknown  Unknown
libmpi.so.40.20.4  00007F4918B2F64E  mca_pml_ucx_del_p     Unknown  Unknown
libmpi.so.40.20.4  00007F49189B5CDF  ompi_mpi_finalize     Unknown  Unknown
libmpi_mpifh.so.4  00007F4918ED1C0A  pmpi_finalize__       Unknown  Unknown
pw.x               00000000009629DB  Unknown               Unknown  Unknown
pw.x               00000000005CE657  Unknown               Unknown  Unknown
pw.x               0000000000412636  Unknown               Unknown  Unknown
pw.x               0000000000412462  Unknown               Unknown  Unknown
libc-2.28.so       00007F491836E493  __libc_start_main     Unknown  Unknown
pw.x               000000000041236E  Unknown               Unknown  Unknown
forrtl: error (78): process killed (SIGTERM)
Image              PC                Routine            Line        Source             
pw.x               00000000010474E4  for__signal_handl     Unknown  Unknown
libpthread-2.28.s  00007F493F46EB20  Unknown               Unknown  Unknown
libuct_ib.so.0.0.  00007F4937A4214E  Unknown               Unknown  Unknown
libucp.so.0.0.0    00007F493B0141DA  ucp_worker_progre     Unknown  Unknown
libopen-pal.so.40  00007F493B32BFDC  opal_common_ucx_m     Unknown  Unknown
libmpi.so.40.20.4  00007F493F87B64E  mca_pml_ucx_del_p     Unknown  Unknown
libmpi.so.40.20.4  00007F493F701CDF  ompi_mpi_finalize     Unknown  Unknown
libmpi_mpifh.so.4  00007F493FC1DC0A  pmpi_finalize__       Unknown  Unknown
pw.x               00000000009629DB  Unknown               Unknown  Unknown
pw.x               00000000005CE657  Unknown               Unknown  Unknown
pw.x               0000000000412636  Unknown               Unknown  Unknown
pw.x               0000000000412462  Unknown               Unknown  Unknown
libc-2.28.so       00007F493F0BA493  __libc_start_main     Unknown  Unknown
pw.x               000000000041236E  Unknown               Unknown  Unknown
forrtl: error (78): process killed (SIGTERM)
Image              PC                Routine            Line        Source             
pw.x               00000000010474E4  for__signal_handl     Unknown  Unknown
libpthread-2.28.s  00007FEEE9639B20  Unknown               Unknown  Unknown
libuct.so.0.0.0    00007FEEE4F89BEB  Unknown               Unknown  Unknown
libucp.so.0.0.0    00007FEEE51DF1DA  ucp_worker_progre     Unknown  Unknown
libopen-pal.so.40  00007FEEE54F6FDC  opal_common_ucx_m     Unknown  Unknown
libmpi.so.40.20.4  00007FEEE9A4664E  mca_pml_ucx_del_p     Unknown  Unknown
libmpi.so.40.20.4  00007FEEE98CCCDF  ompi_mpi_finalize     Unknown  Unknown
libmpi_mpifh.so.4  00007FEEE9DE8C0A  pmpi_finalize__       Unknown  Unknown
pw.x               00000000009629DB  Unknown               Unknown  Unknown
pw.x               00000000005CE657  Unknown               Unknown  Unknown
pw.x               0000000000412636  Unknown               Unknown  Unknown
pw.x               0000000000412462  Unknown               Unknown  Unknown
libc-2.28.so       00007FEEE9285493  __libc_start_main     Unknown  Unknown
pw.x               000000000041236E  Unknown               Unknown  Unknown
forrtl: error (78): process killed (SIGTERM)
Image              PC                Routine            Line        Source             
pw.x               00000000010474E4  for__signal_handl     Unknown  Unknown
libpthread-2.28.s  00007F9A743CCB20  Unknown               Unknown  Unknown
libuct.so.0.0.0    00007F9A6FD1CAFF  Unknown               Unknown  Unknown
libucp.so.0.0.0    00007F9A6FF721DA  ucp_worker_progre     Unknown  Unknown
libopen-pal.so.40  00007F9A70289FDC  opal_common_ucx_m     Unknown  Unknown
libmpi.so.40.20.4  00007F9A747D964E  mca_pml_ucx_del_p     Unknown  Unknown
libmpi.so.40.20.4  00007F9A7465FCDF  ompi_mpi_finalize     Unknown  Unknown
libmpi_mpifh.so.4  00007F9A74B7BC0A  pmpi_finalize__       Unknown  Unknown
pw.x               00000000009629DB  Unknown               Unknown  Unknown
pw.x               00000000005CE657  Unknown               Unknown  Unknown
pw.x               0000000000412636  Unknown               Unknown  Unknown
pw.x               0000000000412462  Unknown               Unknown  Unknown
libc-2.28.so       00007F9A74018493  __libc_start_main     Unknown  Unknown
pw.x               000000000041236E  Unknown               Unknown  Unknown
forrtl: error (78): process killed (SIGTERM)
Image              PC                Routine            Line        Source             
pw.x               00000000010474E4  for__signal_handl     Unknown  Unknown
libpthread-2.28.s  00007F4E23994B20  Unknown               Unknown  Unknown
libuct_ib.so.0.0.  00007F4E17DCE163  Unknown               Unknown  Unknown
libucp.so.0.0.0    00007F4E1F53A1DA  ucp_worker_progre     Unknown  Unknown
libopen-pal.so.40  00007F4E1F851FDC  opal_common_ucx_m     Unknown  Unknown
libmpi.so.40.20.4  00007F4E23DA164E  mca_pml_ucx_del_p     Unknown  Unknown
libmpi.so.40.20.4  00007F4E23C27CDF  ompi_mpi_finalize     Unknown  Unknown
libmpi_mpifh.so.4  00007F4E24143C0A  pmpi_finalize__       Unknown  Unknown
pw.x               00000000009629DB  Unknown               Unknown  Unknown
pw.x               00000000005CE657  Unknown               Unknown  Unknown
pw.x               0000000000412636  Unknown               Unknown  Unknown
pw.x               0000000000412462  Unknown               Unknown  Unknown
libc-2.28.so       00007F4E235E0493  __libc_start_main     Unknown  Unknown
pw.x               000000000041236E  Unknown               Unknown  Unknown
forrtl: error (78): process killed (SIGTERM)
Image              PC                Routine            Line        Source             
pw.x               00000000010474E4  for__signal_handl     Unknown  Unknown
libpthread-2.28.s  00007F836945CB20  Unknown               Unknown  Unknown
libuct_ib.so.0.0.  00007F8361A30163  Unknown               Unknown  Unknown
libucp.so.0.0.0    00007F83650021DA  ucp_worker_progre     Unknown  Unknown
libopen-pal.so.40  00007F8365319FDC  opal_common_ucx_m     Unknown  Unknown
libmpi.so.40.20.4  00007F836986964E  mca_pml_ucx_del_p     Unknown  Unknown
libmpi.so.40.20.4  00007F83696EFCDF  ompi_mpi_finalize     Unknown  Unknown
libmpi_mpifh.so.4  00007F8369C0BC0A  pmpi_finalize__       Unknown  Unknown
pw.x               00000000009629DB  Unknown               Unknown  Unknown
pw.x               00000000005CE657  Unknown               Unknown  Unknown
pw.x               0000000000412636  Unknown               Unknown  Unknown
pw.x               0000000000412462  Unknown               Unknown  Unknown
libc-2.28.so       00007F83690A8493  __libc_start_main     Unknown  Unknown
pw.x               000000000041236E  Unknown               Unknown  Unknown
forrtl: error (78): process killed (SIGTERM)
Image              PC                Routine            Line        Source             
pw.x               00000000010474E4  for__signal_handl     Unknown  Unknown
libpthread-2.28.s  00007FC44D256B20  Unknown               Unknown  Unknown
libuct_ib.so.0.0.  00007FC44582A163  Unknown               Unknown  Unknown
libucp.so.0.0.0    00007FC448DFC1DA  ucp_worker_progre     Unknown  Unknown
libopen-pal.so.40  00007FC449113FDC  opal_common_ucx_m     Unknown  Unknown
libmpi.so.40.20.4  00007FC44D66364E  mca_pml_ucx_del_p     Unknown  Unknown
libmpi.so.40.20.4  00007FC44D4E9CDF  ompi_mpi_finalize     Unknown  Unknown
libmpi_mpifh.so.4  00007FC44DA05C0A  pmpi_finalize__       Unknown  Unknown
pw.x               00000000009629DB  Unknown               Unknown  Unknown
pw.x               00000000005CE657  Unknown               Unknown  Unknown
pw.x               0000000000412636  Unknown               Unknown  Unknown
pw.x               0000000000412462  Unknown               Unknown  Unknown
libc-2.28.so       00007FC44CEA2493  __libc_start_main     Unknown  Unknown
pw.x               000000000041236E  Unknown               Unknown  Unknown
forrtl: error (78): process killed (SIGTERM)
Image              PC                Routine            Line        Source             
pw.x               00000000010474E4  for__signal_handl     Unknown  Unknown
libpthread-2.28.s  00007F50B6155B20  Unknown               Unknown  Unknown
libuct_ib.so.0.0.  00007F50AE729163  Unknown               Unknown  Unknown
libucp.so.0.0.0    00007F50B1CFB1DA  ucp_worker_progre     Unknown  Unknown
libopen-pal.so.40  00007F50B2012FDC  opal_common_ucx_m     Unknown  Unknown
libmpi.so.40.20.4  00007F50B656264E  mca_pml_ucx_del_p     Unknown  Unknown
libmpi.so.40.20.4  00007F50B63E8CDF  ompi_mpi_finalize     Unknown  Unknown
libmpi_mpifh.so.4  00007F50B6904C0A  pmpi_finalize__       Unknown  Unknown
pw.x               00000000009629DB  Unknown               Unknown  Unknown
pw.x               00000000005CE657  Unknown               Unknown  Unknown
pw.x               0000000000412636  Unknown               Unknown  Unknown
pw.x               0000000000412462  Unknown               Unknown  Unknown
libc-2.28.so       00007F50B5DA1493  __libc_start_main     Unknown  Unknown
pw.x               000000000041236E  Unknown               Unknown  Unknown
forrtl: error (78): process killed (SIGTERM)
Image              PC                Routine            Line        Source             
pw.x               00000000010474E4  for__signal_handl     Unknown  Unknown
libpthread-2.28.s  00007F92BCE56B20  Unknown               Unknown  Unknown
libucp.so.0.0.0    00007F92B89FC192  ucp_worker_progre     Unknown  Unknown
libopen-pal.so.40  00007F92B8D13FDC  opal_common_ucx_m     Unknown  Unknown
libmpi.so.40.20.4  00007F92BD26364E  mca_pml_ucx_del_p     Unknown  Unknown
libmpi.so.40.20.4  00007F92BD0E9CDF  ompi_mpi_finalize     Unknown  Unknown
libmpi_mpifh.so.4  00007F92BD605C0A  pmpi_finalize__       Unknown  Unknown
pw.x               00000000009629DB  Unknown               Unknown  Unknown
pw.x               00000000005CE657  Unknown               Unknown  Unknown
pw.x               0000000000412636  Unknown               Unknown  Unknown
pw.x               0000000000412462  Unknown               Unknown  Unknown
libc-2.28.so       00007F92BCAA2493  __libc_start_main     Unknown  Unknown
pw.x               000000000041236E  Unknown               Unknown  Unknown
forrtl: error (78): process killed (SIGTERM)
Image              PC                Routine            Line        Source             
pw.x               00000000010474E4  for__signal_handl     Unknown  Unknown
libpthread-2.28.s  00007F0863481B20  Unknown               Unknown  Unknown
libuct_ib.so.0.0.  00007F085BA5514E  Unknown               Unknown  Unknown
libucp.so.0.0.0    00007F085F0271DA  ucp_worker_progre     Unknown  Unknown
libopen-pal.so.40  00007F085F33EFDC  opal_common_ucx_m     Unknown  Unknown
libmpi.so.40.20.4  00007F086388E64E  mca_pml_ucx_del_p     Unknown  Unknown
libmpi.so.40.20.4  00007F0863714CDF  ompi_mpi_finalize     Unknown  Unknown
libmpi_mpifh.so.4  00007F0863C30C0A  pmpi_finalize__       Unknown  Unknown
pw.x               00000000009629DB  Unknown               Unknown  Unknown
pw.x               00000000005CE657  Unknown               Unknown  Unknown
pw.x               0000000000412636  Unknown               Unknown  Unknown
pw.x               0000000000412462  Unknown               Unknown  Unknown
libc-2.28.so       00007F08630CD493  __libc_start_main     Unknown  Unknown
pw.x               000000000041236E  Unknown               Unknown  Unknown
forrtl: error (78): process killed (SIGTERM)
Image              PC                Routine            Line        Source             
pw.x               00000000010474E4  for__signal_handl     Unknown  Unknown
libpthread-2.28.s  00007F8AAD5C0B20  Unknown               Unknown  Unknown
libuct.so.0.0.0    00007F8AA8F10BEB  Unknown               Unknown  Unknown
libucp.so.0.0.0    00007F8AA91661DA  ucp_worker_progre     Unknown  Unknown
libopen-pal.so.40  00007F8AA947DFDC  opal_common_ucx_m     Unknown  Unknown
libmpi.so.40.20.4  00007F8AAD9CD64E  mca_pml_ucx_del_p     Unknown  Unknown
libmpi.so.40.20.4  00007F8AAD853CDF  ompi_mpi_finalize     Unknown  Unknown
libmpi_mpifh.so.4  00007F8AADD6FC0A  pmpi_finalize__       Unknown  Unknown
pw.x               00000000009629DB  Unknown               Unknown  Unknown
pw.x               00000000005CE657  Unknown               Unknown  Unknown
pw.x               0000000000412636  Unknown               Unknown  Unknown
pw.x               0000000000412462  Unknown               Unknown  Unknown
libc-2.28.so       00007F8AAD20C493  __libc_start_main     Unknown  Unknown
pw.x               000000000041236E  Unknown               Unknown  Unknown
forrtl: error (78): process killed (SIGTERM)
Image              PC                Routine            Line        Source             
pw.x               00000000010474E4  for__signal_handl     Unknown  Unknown
libpthread-2.28.s  00007F85E5C3FB20  Unknown               Unknown  Unknown
libuct.so.0.0.0    00007F85E158FAFF  Unknown               Unknown  Unknown
libucp.so.0.0.0    00007F85E17E51DA  ucp_worker_progre     Unknown  Unknown
libopen-pal.so.40  00007F85E1AFCFDC  opal_common_ucx_m     Unknown  Unknown
libmpi.so.40.20.4  00007F85E604C64E  mca_pml_ucx_del_p     Unknown  Unknown
libmpi.so.40.20.4  00007F85E5ED2CDF  ompi_mpi_finalize     Unknown  Unknown
libmpi_mpifh.so.4  00007F85E63EEC0A  pmpi_finalize__       Unknown  Unknown
pw.x               00000000009629DB  Unknown               Unknown  Unknown
pw.x               00000000005CE657  Unknown               Unknown  Unknown
pw.x               0000000000412636  Unknown               Unknown  Unknown
pw.x               0000000000412462  Unknown               Unknown  Unknown
libc-2.28.so       00007F85E588B493  __libc_start_main     Unknown  Unknown
pw.x               000000000041236E  Unknown               Unknown  Unknown
forrtl: error (78): process killed (SIGTERM)
Image              PC                Routine            Line        Source             
pw.x               00000000010474E4  for__signal_handl     Unknown  Unknown
libpthread-2.28.s  00007FACBCA41B20  Unknown               Unknown  Unknown
libuct.so.0.0.0    00007FACB8391C4D  Unknown               Unknown  Unknown
libucp.so.0.0.0    00007FACB85E71DA  ucp_worker_progre     Unknown  Unknown
libopen-pal.so.40  00007FACB88FEFDC  opal_common_ucx_m     Unknown  Unknown
libmpi.so.40.20.4  00007FACBCE4E64E  mca_pml_ucx_del_p     Unknown  Unknown
libmpi.so.40.20.4  00007FACBCCD4CDF  ompi_mpi_finalize     Unknown  Unknown
libmpi_mpifh.so.4  00007FACBD1F0C0A  pmpi_finalize__       Unknown  Unknown
pw.x               00000000009629DB  Unknown               Unknown  Unknown
pw.x               00000000005CE657  Unknown               Unknown  Unknown
pw.x               0000000000412636  Unknown               Unknown  Unknown
pw.x               0000000000412462  Unknown               Unknown  Unknown
libc-2.28.so       00007FACBC68D493  __libc_start_main     Unknown  Unknown
pw.x               000000000041236E  Unknown               Unknown  Unknown
forrtl: error (78): process killed (SIGTERM)
Image              PC                Routine            Line        Source             
pw.x               00000000010474E4  for__signal_handl     Unknown  Unknown
libpthread-2.28.s  00007FAAF59A5B20  Unknown               Unknown  Unknown
libuct.so.0.0.0    00007FAAF12F5BEB  Unknown               Unknown  Unknown
libucp.so.0.0.0    00007FAAF154B1DA  ucp_worker_progre     Unknown  Unknown
libopen-pal.so.40  00007FAAF1862FDC  opal_common_ucx_m     Unknown  Unknown
libmpi.so.40.20.4  00007FAAF5DB264E  mca_pml_ucx_del_p     Unknown  Unknown
libmpi.so.40.20.4  00007FAAF5C38CDF  ompi_mpi_finalize     Unknown  Unknown
libmpi_mpifh.so.4  00007FAAF6154C0A  pmpi_finalize__       Unknown  Unknown
pw.x               00000000009629DB  Unknown               Unknown  Unknown
pw.x               00000000005CE657  Unknown               Unknown  Unknown
pw.x               0000000000412636  Unknown               Unknown  Unknown
pw.x               0000000000412462  Unknown               Unknown  Unknown
libc-2.28.so       00007FAAF55F1493  __libc_start_main     Unknown  Unknown
pw.x               000000000041236E  Unknown               Unknown  Unknown
